{"/root/BillBuzz/server/twilioHandler.js": {"path":"/root/BillBuzz/server/twilioHandler.js","statementMap":{"0":{"start":{"line":2,"column":0},"end":{"line":2,"column":25}},"1":{"start":{"line":3,"column":19},"end":{"line":3,"column":46}},"2":{"start":{"line":4,"column":18},"end":{"line":4,"column":47}},"3":{"start":{"line":6,"column":15},"end":{"line":6,"column":44}},"4":{"start":{"line":13,"column":8},"end":{"line":20,"column":10}},"5":{"start":{"line":14,"column":12},"end":{"line":19,"column":15}},"6":{"start":{"line":16,"column":30},"end":{"line":16,"column":61}},"7":{"start":{"line":17,"column":16},"end":{"line":17,"column":46}},"8":{"start":{"line":18,"column":16},"end":{"line":18,"column":26}},"9":{"start":{"line":23,"column":8},"end":{"line":32,"column":10}},"10":{"start":{"line":24,"column":12},"end":{"line":24,"column":50}},"11":{"start":{"line":25,"column":12},"end":{"line":31,"column":19}},"12":{"start":{"line":29,"column":20},"end":{"line":29,"column":53}},"13":{"start":{"line":30,"column":20},"end":{"line":30,"column":42}},"14":{"start":{"line":37,"column":8},"end":{"line":49,"column":11}},"15":{"start":{"line":38,"column":12},"end":{"line":48,"column":19}},"16":{"start":{"line":42,"column":20},"end":{"line":47,"column":21}},"17":{"start":{"line":43,"column":24},"end":{"line":43,"column":38}},"18":{"start":{"line":46,"column":24},"end":{"line":46,"column":38}}},"fnMap":{"0":{"name":"(anonymous_0)","decl":{"start":{"line":12,"column":4},"end":{"line":12,"column":5}},"loc":{"start":{"line":12,"column":12},"end":{"line":21,"column":5}},"line":12},"1":{"name":"(anonymous_1)","decl":{"start":{"line":13,"column":27},"end":{"line":13,"column":28}},"loc":{"start":{"line":13,"column":48},"end":{"line":20,"column":9}},"line":13},"2":{"name":"(anonymous_2)","decl":{"start":{"line":16,"column":18},"end":{"line":16,"column":19}},"loc":{"start":{"line":16,"column":29},"end":{"line":19,"column":13}},"line":16},"3":{"name":"(anonymous_3)","decl":{"start":{"line":22,"column":4},"end":{"line":22,"column":5}},"loc":{"start":{"line":22,"column":20},"end":{"line":33,"column":5}},"line":22},"4":{"name":"(anonymous_4)","decl":{"start":{"line":23,"column":27},"end":{"line":23,"column":28}},"loc":{"start":{"line":23,"column":48},"end":{"line":32,"column":9}},"line":23},"5":{"name":"(anonymous_5)","decl":{"start":{"line":28,"column":22},"end":{"line":28,"column":23}},"loc":{"start":{"line":28,"column":44},"end":{"line":31,"column":17}},"line":28},"6":{"name":"(anonymous_6)","decl":{"start":{"line":36,"column":4},"end":{"line":36,"column":5}},"loc":{"start":{"line":36,"column":34},"end":{"line":50,"column":5}},"line":36},"7":{"name":"(anonymous_7)","decl":{"start":{"line":37,"column":27},"end":{"line":37,"column":28}},"loc":{"start":{"line":37,"column":48},"end":{"line":49,"column":9}},"line":37},"8":{"name":"(anonymous_8)","decl":{"start":{"line":41,"column":22},"end":{"line":41,"column":23}},"loc":{"start":{"line":41,"column":44},"end":{"line":48,"column":17}},"line":41}},"branchMap":{"0":{"loc":{"start":{"line":42,"column":20},"end":{"line":47,"column":21}},"type":"if","locations":[{"start":{"line":42,"column":20},"end":{"line":47,"column":21}},{"start":{"line":45,"column":25},"end":{"line":47,"column":21}}],"line":42}},"s":{"0":1,"1":1,"2":1,"3":1,"4":1,"5":1,"6":1,"7":1,"8":1,"9":1,"10":1,"11":1,"12":1,"13":1,"14":0,"15":0,"16":0,"17":0,"18":0},"f":{"0":1,"1":1,"2":1,"3":1,"4":1,"5":1,"6":0,"7":0,"8":0},"b":{"0":[0,0]},"_coverageSchema":"1a1c01bbd47fc00a2c39e90264f33305004495a9","hash":"a6cb21d91978147e0841efcb0b0513234e05ac56"}
}
