{"/root/BillBuzz/server/authHandler.js": {"path":"/root/BillBuzz/server/authHandler.js","statementMap":{"0":{"start":{"line":5,"column":0},"end":{"line":5,"column":25}},"1":{"start":{"line":9,"column":19},"end":{"line":11,"column":9}},"2":{"start":{"line":12,"column":8},"end":{"line":12,"column":58}},"3":{"start":{"line":16,"column":8},"end":{"line":16,"column":76}}},"fnMap":{"0":{"name":"(anonymous_0)","decl":{"start":{"line":8,"column":4},"end":{"line":8,"column":5}},"loc":{"start":{"line":8,"column":21},"end":{"line":13,"column":5}},"line":8},"1":{"name":"(anonymous_1)","decl":{"start":{"line":15,"column":4},"end":{"line":15,"column":5}},"loc":{"start":{"line":15,"column":30},"end":{"line":17,"column":5}},"line":15}},"branchMap":{},"s":{"0":1,"1":1,"2":1,"3":1},"f":{"0":1,"1":1},"b":{},"_coverageSchema":"1a1c01bbd47fc00a2c39e90264f33305004495a9","hash":"a309de44816e68b01f0fd47a5c7d9e250f3f4041"}
,"/root/BillBuzz/server/twilioHandler.js": {"path":"/root/BillBuzz/server/twilioHandler.js","statementMap":{"0":{"start":{"line":5,"column":0},"end":{"line":5,"column":25}},"1":{"start":{"line":7,"column":19},"end":{"line":7,"column":46}},"2":{"start":{"line":8,"column":18},"end":{"line":8,"column":47}},"3":{"start":{"line":9,"column":15},"end":{"line":9,"column":44}},"4":{"start":{"line":16,"column":8},"end":{"line":23,"column":10}},"5":{"start":{"line":17,"column":12},"end":{"line":22,"column":15}},"6":{"start":{"line":19,"column":30},"end":{"line":19,"column":61}},"7":{"start":{"line":20,"column":16},"end":{"line":20,"column":46}},"8":{"start":{"line":21,"column":16},"end":{"line":21,"column":26}},"9":{"start":{"line":26,"column":8},"end":{"line":35,"column":10}},"10":{"start":{"line":27,"column":12},"end":{"line":27,"column":50}},"11":{"start":{"line":28,"column":12},"end":{"line":34,"column":19}},"12":{"start":{"line":32,"column":20},"end":{"line":32,"column":53}},"13":{"start":{"line":33,"column":20},"end":{"line":33,"column":42}},"14":{"start":{"line":40,"column":8},"end":{"line":52,"column":11}},"15":{"start":{"line":41,"column":12},"end":{"line":51,"column":19}},"16":{"start":{"line":45,"column":20},"end":{"line":50,"column":21}},"17":{"start":{"line":46,"column":24},"end":{"line":46,"column":38}},"18":{"start":{"line":49,"column":24},"end":{"line":49,"column":38}}},"fnMap":{"0":{"name":"(anonymous_0)","decl":{"start":{"line":15,"column":4},"end":{"line":15,"column":5}},"loc":{"start":{"line":15,"column":12},"end":{"line":24,"column":5}},"line":15},"1":{"name":"(anonymous_1)","decl":{"start":{"line":16,"column":27},"end":{"line":16,"column":28}},"loc":{"start":{"line":16,"column":48},"end":{"line":23,"column":9}},"line":16},"2":{"name":"(anonymous_2)","decl":{"start":{"line":19,"column":18},"end":{"line":19,"column":19}},"loc":{"start":{"line":19,"column":29},"end":{"line":22,"column":13}},"line":19},"3":{"name":"(anonymous_3)","decl":{"start":{"line":25,"column":4},"end":{"line":25,"column":5}},"loc":{"start":{"line":25,"column":20},"end":{"line":36,"column":5}},"line":25},"4":{"name":"(anonymous_4)","decl":{"start":{"line":26,"column":27},"end":{"line":26,"column":28}},"loc":{"start":{"line":26,"column":48},"end":{"line":35,"column":9}},"line":26},"5":{"name":"(anonymous_5)","decl":{"start":{"line":31,"column":22},"end":{"line":31,"column":23}},"loc":{"start":{"line":31,"column":44},"end":{"line":34,"column":17}},"line":31},"6":{"name":"(anonymous_6)","decl":{"start":{"line":39,"column":4},"end":{"line":39,"column":5}},"loc":{"start":{"line":39,"column":34},"end":{"line":53,"column":5}},"line":39},"7":{"name":"(anonymous_7)","decl":{"start":{"line":40,"column":27},"end":{"line":40,"column":28}},"loc":{"start":{"line":40,"column":48},"end":{"line":52,"column":9}},"line":40},"8":{"name":"(anonymous_8)","decl":{"start":{"line":44,"column":22},"end":{"line":44,"column":23}},"loc":{"start":{"line":44,"column":44},"end":{"line":51,"column":17}},"line":44}},"branchMap":{"0":{"loc":{"start":{"line":45,"column":20},"end":{"line":50,"column":21}},"type":"if","locations":[{"start":{"line":45,"column":20},"end":{"line":50,"column":21}},{"start":{"line":48,"column":25},"end":{"line":50,"column":21}}],"line":45}},"s":{"0":1,"1":1,"2":1,"3":1,"4":1,"5":1,"6":1,"7":1,"8":1,"9":1,"10":1,"11":1,"12":1,"13":1,"14":0,"15":0,"16":0,"17":0,"18":0},"f":{"0":1,"1":1,"2":1,"3":1,"4":1,"5":1,"6":0,"7":0,"8":0},"b":{"0":[0,0]},"_coverageSchema":"1a1c01bbd47fc00a2c39e90264f33305004495a9","hash":"cffe1d634cdcc758a66cc597893ec1e62c2d28b2"}
}
