TN:
SF:authHandler.js
FN:8,(anonymous_0)
FN:15,(anonymous_1)
FNF:2
FNH:2
FNDA:1,(anonymous_0)
FNDA:1,(anonymous_1)
DA:5,1
DA:9,1
DA:12,1
DA:16,1
LF:4
LH:4
BRF:0
BRH:0
end_of_record
TN:
SF:twilioHandler.js
FN:15,(anonymous_0)
FN:16,(anonymous_1)
FN:19,(anonymous_2)
FN:25,(anonymous_3)
FN:26,(anonymous_4)
FN:31,(anonymous_5)
FN:39,(anonymous_6)
FN:40,(anonymous_7)
FN:44,(anonymous_8)
FNF:9
FNH:6
FNDA:1,(anonymous_0)
FNDA:1,(anonymous_1)
FNDA:1,(anonymous_2)
FNDA:1,(anonymous_3)
FNDA:1,(anonymous_4)
FNDA:1,(anonymous_5)
FNDA:0,(anonymous_6)
FNDA:0,(anonymous_7)
FNDA:0,(anonymous_8)
DA:5,1
DA:7,1
DA:8,1
DA:9,1
DA:16,1
DA:17,1
DA:19,1
DA:20,1
DA:21,1
DA:26,1
DA:27,1
DA:28,1
DA:32,1
DA:33,1
DA:40,0
DA:41,0
DA:45,0
DA:46,0
DA:49,0
LF:19
LH:14
BRDA:45,0,0,0
BRDA:45,0,1,0
BRF:2
BRH:0
end_of_record
